Archive Member Header (00000DCE):
  Name:     ACTIVEDS.dll/   
  Date:     1225264093   Wed Oct 29 09:08:13 2008
  UserID:         
  GroupID:        
  Mode:     0       
  Size:     498       
++++ Created 0 Modules.

File Header
  Machine:                      014C (i386)
  Number of Sections:           0003
  TimeDateStamp:                49080BDD -> Wed Oct 29 09:08:13 2008
  PointerToSymbolTable:         0000010E
  NumberOfSymbols:              00000008
  SizeOfOptionalHeader:         0000
  Characteristics:              0100
    32BIT_MACHINE

Section Table
  01 .debug$S
    PhysAddr: 00000000  VirtAddr:  00000000
    raw data offs:   0000008C  raw data size: 00000042
    relocation offs: 00000000  relocations:   00000000
    line # offs:     00000000  line #'s:      00000000
    characteristics: 42100040
      INITIALIZED_DATA  DISCARDABLE  READ  ALIGN_1BYTES

  02 .idata$2
    PhysAddr: 00000000  VirtAddr:  00000000
    raw data offs:   000000CE  raw data size: 00000014
    relocation offs: 000000E2  relocations:   00000003
    line # offs:     00000000  line #'s:      00000000
    characteristics: C0300040
      INITIALIZED_DATA  READ  WRITE  ALIGN_4BYTES

  03 .idata$6
    PhysAddr: 00000000  VirtAddr:  00000000
    raw data offs:   00000100  raw data size: 0000000E
    relocation offs: 000000E2  relocations:   00000000
    line # offs:     00000000  line #'s:      00000000
    characteristics: C0200040
      INITIALIZED_DATA  READ  WRITE  ALIGN_2BYTES


Symbol Table - 8 entries  (* = auxillary symbol)

Indx Sectn Value    Type  Storage  Name
---- ----- -------- ----- -------  --------
0000   ABS 00937809  0000 STATIC   @comp.id
0001     2 00000000  0000 EXTERNAL __IMPORT_DESCRIPTOR_ACTIVEDS
0002     2 C0000040  0000 SECTION  .idata$2
0003     3 00000000  0000 STATIC   .idata$6
0004 UNDEF C0000040  0000 SECTION  .idata$4
0005 UNDEF C0000040  0000 SECTION  .idata$5
0006 UNDEF 00000000  0000 EXTERNAL __NULL_IMPORT_DESCRIPTOR
0007 UNDEF 00000000  0000 EXTERNAL ACTIVEDS_NULL_THUNK_DATA

Section Hex Dumps
section 01 (.debug$S)  size: 00000042  file offs: 0000008C
00000000:  02 00 00 00 13 00 09 00  00 00 00 00 0c 41 43 54 .............ACT
00000010:  49 56 45 44 53 2e 64 6c  6c 27 00 13 10 07 00 00 IVEDS.dll'......
00000020:  00 03 00 00 00 00 00 00  00 09 00 00 00 09 78 12 ..............x.
00000030:  4d 69 63 72 6f 73 6f 66  74 20 28 52 29 20 4c 49 Microsoft (R) LI
00000040:  4e 4b                                            NK

section 02 (.idata$2)  size: 00000014  file offs: 000000CE
00000000:  00 00 00 00 00 00 00 00  00 00 00 00 00 00 00 00 ................
00000010:  00 00 00 00                                      ....

section 03 (.idata$6)  size: 0000000E  file offs: 00000100
00000000:  41 43 54 49 56 45 44 53  2e 64 6c 6c 00 00       ACTIVEDS.dll..

Archive Member Header (00000FFC):
  Name:     ACTIVEDS.dll/   
  Date:     1225264093   Wed Oct 29 09:08:13 2008
  UserID:         
  GroupID:        
  Mode:     0       
  Size:     251       
++++ Created 0 Modules.

File Header
  Machine:                      014C (i386)
  Number of Sections:           0002
  TimeDateStamp:                49080BDD -> Wed Oct 29 09:08:13 2008
  PointerToSymbolTable:         000000BA
  NumberOfSymbols:              00000002
  SizeOfOptionalHeader:         0000
  Characteristics:              0100
    32BIT_MACHINE

Section Table
  01 .debug$S
    PhysAddr: 00000000  VirtAddr:  00000000
    raw data offs:   00000064  raw data size: 00000042
    relocation offs: 00000000  relocations:   00000000
    line # offs:     00000000  line #'s:      00000000
    characteristics: 42100040
      INITIALIZED_DATA  DISCARDABLE  READ  ALIGN_1BYTES

  02 .idata$3
    PhysAddr: 00000000  VirtAddr:  00000000
    raw data offs:   000000A6  raw data size: 00000014
    relocation offs: 00000000  relocations:   00000000
    line # offs:     00000000  line #'s:      00000000
    characteristics: C0300040
      INITIALIZED_DATA  READ  WRITE  ALIGN_4BYTES


Symbol Table - 2 entries  (* = auxillary symbol)

Indx Sectn Value    Type  Storage  Name
---- ----- -------- ----- -------  --------
0000   ABS 00937809  0000 STATIC   @comp.id
0001     2 00000000  0000 EXTERNAL __NULL_IMPORT_DESCRIPTOR

Section Hex Dumps
section 01 (.debug$S)  size: 00000042  file offs: 00000064
00000000:  02 00 00 00 13 00 09 00  00 00 00 00 0c 41 43 54 .............ACT
00000010:  49 56 45 44 53 2e 64 6c  6c 27 00 13 10 07 00 00 IVEDS.dll'......
00000020:  00 03 00 00 00 00 00 00  00 09 00 00 00 09 78 12 ..............x.
00000030:  4d 69 63 72 6f 73 6f 66  74 20 28 52 29 20 4c 49 Microsoft (R) LI
00000040:  4e 4b                                            NK

section 02 (.idata$3)  size: 00000014  file offs: 000000A6
00000000:  00 00 00 00 00 00 00 00  00 00 00 00 00 00 00 00 ................
00000010:  00 00 00 00                                      ....

Archive Member Header (00001134):
  Name:     ACTIVEDS.dll/   
  Date:     1225264093   Wed Oct 29 09:08:13 2008
  UserID:         
  GroupID:        
  Mode:     0       
  Size:     280       
++++ Created 0 Modules.

File Header
  Machine:                      014C (i386)
  Number of Sections:           0003
  TimeDateStamp:                49080BDD -> Wed Oct 29 09:08:13 2008
  PointerToSymbolTable:         000000D6
  NumberOfSymbols:              00000002
  SizeOfOptionalHeader:         0000
  Characteristics:              0100
    32BIT_MACHINE

Section Table
  01 .debug$S
    PhysAddr: 00000000  VirtAddr:  00000000
    raw data offs:   0000008C  raw data size: 00000042
    relocation offs: 00000000  relocations:   00000000
    line # offs:     00000000  line #'s:      00000000
    characteristics: 42100040
      INITIALIZED_DATA  DISCARDABLE  READ  ALIGN_1BYTES

  02 .idata$5
    PhysAddr: 00000000  VirtAddr:  00000000
    raw data offs:   000000CE  raw data size: 00000004
    relocation offs: 00000000  relocations:   00000000
    line # offs:     00000000  line #'s:      00000000
    characteristics: C0300040
      INITIALIZED_DATA  READ  WRITE  ALIGN_4BYTES

  03 .idata$4
    PhysAddr: 00000000  VirtAddr:  00000000
    raw data offs:   000000D2  raw data size: 00000004
    relocation offs: 00000000  relocations:   00000000
    line # offs:     00000000  line #'s:      00000000
    characteristics: C0300040
      INITIALIZED_DATA  READ  WRITE  ALIGN_4BYTES


Symbol Table - 2 entries  (* = auxillary symbol)

Indx Sectn Value    Type  Storage  Name
---- ----- -------- ----- -------  --------
0000   ABS 00937809  0000 STATIC   @comp.id
0001     2 00000000  0000 EXTERNAL ACTIVEDS_NULL_THUNK_DATA

Section Hex Dumps
section 01 (.debug$S)  size: 00000042  file offs: 0000008C
00000000:  02 00 00 00 13 00 09 00  00 00 00 00 0c 41 43 54 .............ACT
00000010:  49 56 45 44 53 2e 64 6c  6c 27 00 13 10 07 00 00 IVEDS.dll'......
00000020:  00 03 00 00 00 00 00 00  00 09 00 00 00 09 78 12 ..............x.
00000030:  4d 69 63 72 6f 73 6f 66  74 20 28 52 29 20 4c 49 Microsoft (R) LI
00000040:  4e 4b                                            NK

section 02 (.idata$5)  size: 00000004  file offs: 000000CE
00000000:  00 00 00 00                                      ....

section 03 (.idata$4)  size: 00000004  file offs: 000000D2
00000000:  00 00 00 00                                      ....

Archive Member Header (00001288):
  Name:     ACTIVEDS.dll/   
  Date:     1225264093   Wed Oct 29 09:08:13 2008
  UserID:         
  GroupID:        
  Mode:     0       
  Size:     55        
IMPORT HEADER:
  Symbol:         _ADsBuildEnumerator@8 (_ADsBuildEnumerator@8)
  Version:        00000000
  Machine:        014C (i386)
  TimeDateStamp:  49080BDD -> Wed Oct 29 09:08:13 2008
  Size of Data:   00000023
  Type:           0000 (code symbol)
  Name type:      0000 (ordinal)
  Ordinal:        4

Archive Member Header (000012FC):
  Name:     ACTIVEDS.dll/   
  Date:     1225264093   Wed Oct 29 09:08:13 2008
  UserID:         
  GroupID:        
  Mode:     0       
  Size:     57        
IMPORT HEADER:
  Symbol:         _ADsBuildVarArrayInt@12 (_ADsBuildVarArrayInt@12)
  Version:        00000000
  Machine:        014C (i386)
  TimeDateStamp:  49080BDD -> Wed Oct 29 09:08:13 2008
  Size of Data:   00000025
  Type:           0000 (code symbol)
  Name type:      0000 (ordinal)
  Ordinal:        8

Archive Member Header (00001372):
  Name:     ACTIVEDS.dll/   
  Date:     1225264093   Wed Oct 29 09:08:13 2008
  UserID:         
  GroupID:        
  Mode:     0       
  Size:     57        
IMPORT HEADER:
  Symbol:         _ADsBuildVarArrayStr@12 (_ADsBuildVarArrayStr@12)
  Version:        00000000
  Machine:        014C (i386)
  TimeDateStamp:  49080BDD -> Wed Oct 29 09:08:13 2008
  Size of Data:   00000025
  Type:           0000 (code symbol)
  Name type:      0000 (ordinal)
  Ordinal:        7

Archive Member Header (000013E8):
  Name:     ACTIVEDS.dll/   
  Date:     1225264093   Wed Oct 29 09:08:13 2008
  UserID:         
  GroupID:        
  Mode:     0       
  Size:     57        
IMPORT HEADER:
  Symbol:         _ADsDecodeBinaryData@12 (_ADsDecodeBinaryData@12)
  Version:        00000000
  Machine:        014C (i386)
  TimeDateStamp:  49080BDD -> Wed Oct 29 09:08:13 2008
  Size of Data:   00000025
  Type:           0000 (code symbol)
  Name type:      0000 (ordinal)
  Ordinal:        24

Archive Member Header (0000145E):
  Name:     ACTIVEDS.dll/   
  Date:     1225264093   Wed Oct 29 09:08:13 2008
  UserID:         
  GroupID:        
  Mode:     0       
  Size:     57        
IMPORT HEADER:
  Symbol:         _ADsEncodeBinaryData@12 (_ADsEncodeBinaryData@12)
  Version:        00000000
  Machine:        014C (i386)
  TimeDateStamp:  49080BDD -> Wed Oct 29 09:08:13 2008
  Size of Data:   00000025
  Type:           0000 (code symbol)
  Name type:      0000 (ordinal)
  Ordinal:        20

Archive Member Header (000014D4):
  Name:     ACTIVEDS.dll/   
  Date:     1225264093   Wed Oct 29 09:08:13 2008
  UserID:         
  GroupID:        
  Mode:     0       
  Size:     54        
IMPORT HEADER:
  Symbol:         _ADsEnumerateNext@16 (_ADsEnumerateNext@16)
  Version:        00000000
  Machine:        014C (i386)
  TimeDateStamp:  49080BDD -> Wed Oct 29 09:08:13 2008
  Size of Data:   00000022
  Type:           0000 (code symbol)
  Name type:      0000 (ordinal)
  Ordinal:        6

Archive Member Header (00001546):
  Name:     ACTIVEDS.dll/   
  Date:     1225264093   Wed Oct 29 09:08:13 2008
  UserID:         
  GroupID:        
  Mode:     0       
  Size:     54        
IMPORT HEADER:
  Symbol:         _ADsFreeEnumerator@4 (_ADsFreeEnumerator@4)
  Version:        00000000
  Machine:        014C (i386)
  TimeDateStamp:  49080BDD -> Wed Oct 29 09:08:13 2008
  Size of Data:   00000022
  Type:           0000 (code symbol)
  Name type:      0000 (ordinal)
  Ordinal:        5

Archive Member Header (000015B8):
  Name:     ACTIVEDS.dll/   
  Date:     1225264093   Wed Oct 29 09:08:13 2008
  UserID:         
  GroupID:        
  Mode:     0       
  Size:     53        
IMPORT HEADER:
  Symbol:         _ADsGetLastError@20 (_ADsGetLastError@20)
  Version:        00000000
  Machine:        014C (i386)
  TimeDateStamp:  49080BDD -> Wed Oct 29 09:08:13 2008
  Size of Data:   00000021
  Type:           0000 (code symbol)
  Name type:      0000 (ordinal)
  Ordinal:        13

Archive Member Header (0000162A):
  Name:     ACTIVEDS.dll/   
  Date:     1225264093   Wed Oct 29 09:08:13 2008
  UserID:         
  GroupID:        
  Mode:     0       
  Size:     50        
IMPORT HEADER:
  Symbol:         _ADsGetObject@12 (_ADsGetObject@12)
  Version:        00000000
  Machine:        014C (i386)
  TimeDateStamp:  49080BDD -> Wed Oct 29 09:08:13 2008
  Size of Data:   0000001E
  Type:           0000 (code symbol)
  Name type:      0000 (ordinal)
  Ordinal:        3

Archive Member Header (00001698):
  Name:     ACTIVEDS.dll/   
  Date:     1225264093   Wed Oct 29 09:08:13 2008
  UserID:         
  GroupID:        
  Mode:     0       
  Size:     51        
IMPORT HEADER:
  Symbol:         _ADsOpenObject@24 (_ADsOpenObject@24)
  Version:        00000000
  Machine:        014C (i386)
  TimeDateStamp:  49080BDD -> Wed Oct 29 09:08:13 2008
  Size of Data:   0000001F
  Type:           0000 (code symbol)
  Name type:      0000 (ordinal)
  Ordinal:        9

Archive Member Header (00001708):
  Name:     ACTIVEDS.dll/   
  Date:     1225264093   Wed Oct 29 09:08:13 2008
  UserID:         
  GroupID:        
  Mode:     0       
  Size:     53        
IMPORT HEADER:
  Symbol:         _ADsSetLastError@12 (_ADsSetLastError@12)
  Version:        00000000
  Machine:        014C (i386)
  TimeDateStamp:  49080BDD -> Wed Oct 29 09:08:13 2008
  Size of Data:   00000021
  Type:           0000 (code symbol)
  Name type:      0000 (ordinal)
  Ordinal:        12

Archive Member Header (0000177A):
  Name:     ACTIVEDS.dll/   
  Date:     1225264093   Wed Oct 29 09:08:13 2008
  UserID:         
  GroupID:        
  Mode:     0       
  Size:     53        
IMPORT HEADER:
  Symbol:         _AdsFreeAdsValues@8 (_AdsFreeAdsValues@8)
  Version:        00000000
  Machine:        014C (i386)
  TimeDateStamp:  49080BDD -> Wed Oct 29 09:08:13 2008
  Size of Data:   00000021
  Type:           0000 (code symbol)
  Name type:      0000 (ordinal)
  Ordinal:        23

Archive Member Header (000017EC):
  Name:     ACTIVEDS.dll/   
  Date:     1225264093   Wed Oct 29 09:08:13 2008
  UserID:         
  GroupID:        
  Mode:     0       
  Size:     59        
IMPORT HEADER:
  Symbol:         _AdsTypeToPropVariant2@28 (_AdsTypeToPropVariant2@28)
  Version:        00000000
  Machine:        014C (i386)
  TimeDateStamp:  49080BDD -> Wed Oct 29 09:08:13 2008
  Size of Data:   00000027
  Type:           0000 (code symbol)
  Name type:      0000 (ordinal)
  Ordinal:        25

Archive Member Header (00001864):
  Name:     ACTIVEDS.dll/   
  Date:     1225264093   Wed Oct 29 09:08:13 2008
  UserID:         
  GroupID:        
  Mode:     0       
  Size:     58        
IMPORT HEADER:
  Symbol:         _AdsTypeToPropVariant@12 (_AdsTypeToPropVariant@12)
  Version:        00000000
  Machine:        014C (i386)
  TimeDateStamp:  49080BDD -> Wed Oct 29 09:08:13 2008
  Size of Data:   00000026
  Type:           0000 (code symbol)
  Name type:      0000 (ordinal)
  Ordinal:        22

Archive Member Header (000018DA):
  Name:     ACTIVEDS.dll/   
  Date:     1225264093   Wed Oct 29 09:08:13 2008
  UserID:         
  GroupID:        
  Mode:     0       
  Size:     48        
IMPORT HEADER:
  Symbol:         _AllocADsMem@4 (_AllocADsMem@4)
  Version:        00000000
  Machine:        014C (i386)
  TimeDateStamp:  49080BDD -> Wed Oct 29 09:08:13 2008
  Size of Data:   0000001C
  Type:           0000 (code symbol)
  Name type:      0000 (ordinal)
  Ordinal:        14

Archive Member Header (00001946):
  Name:     ACTIVEDS.dll/   
  Date:     1225264093   Wed Oct 29 09:08:13 2008
  UserID:         
  GroupID:        
  Mode:     0       
  Size:     48        
IMPORT HEADER:
  Symbol:         _AllocADsStr@4 (_AllocADsStr@4)
  Version:        00000000
  Machine:        014C (i386)
  TimeDateStamp:  49080BDD -> Wed Oct 29 09:08:13 2008
  Size of Data:   0000001C
  Type:           0000 (code symbol)
  Name type:      0000 (ordinal)
  Ordinal:        17

Archive Member Header (000019B2):
  Name:     ACTIVEDS.dll/   
  Date:     1225264093   Wed Oct 29 09:08:13 2008
  UserID:         
  GroupID:        
  Mode:     0       
  Size:     66        
IMPORT HEADER:
  Symbol:         _BinarySDToSecurityDescriptor@24 (_BinarySDToSecurityDescriptor@24)
  Version:        00000000
  Machine:        014C (i386)
  TimeDateStamp:  49080BDD -> Wed Oct 29 09:08:13 2008
  Size of Data:   0000002E
  Type:           0000 (code symbol)
  Name type:      0000 (ordinal)
  Ordinal:        29

Archive Member Header (00001A30):
  Name:     ACTIVEDS.dll/   
  Date:     1225264093   Wed Oct 29 09:08:13 2008
  UserID:         
  GroupID:        
  Mode:     0       
  Size:     67        
IMPORT HEADER:
  Symbol:         _ConvertSecDescriptorToVariant@24 (_ConvertSecDescriptorToVariant@24)
  Version:        00000000
  Machine:        014C (i386)
  TimeDateStamp:  49080BDD -> Wed Oct 29 09:08:13 2008
  Size of Data:   0000002F
  Type:           0000 (code symbol)
  Name type:      0000 (ordinal)
  Ordinal:        27

Archive Member Header (00001AB0):
  Name:     ACTIVEDS.dll/   
  Date:     1225264093   Wed Oct 29 09:08:13 2008
  UserID:         
  GroupID:        
  Mode:     0       
  Size:     71        
IMPORT HEADER:
  Symbol:         _ConvertSecurityDescriptorToSecDes@28 (_ConvertSecurityDescriptorToSecDes@28)
  Version:        00000000
  Machine:        014C (i386)
  TimeDateStamp:  49080BDD -> Wed Oct 29 09:08:13 2008
  Size of Data:   00000033
  Type:           0000 (code symbol)
  Name type:      0000 (ordinal)
  Ordinal:        28

Archive Member Header (00001B34):
  Name:     ACTIVEDS.dll/   
  Date:     1225264093   Wed Oct 29 09:08:13 2008
  UserID:         
  GroupID:        
  Mode:     0       
  Size:     57        
IMPORT HEADER:
  Symbol:         _ConvertTrusteeToSid@28 (_ConvertTrusteeToSid@28)
  Version:        00000000
  Machine:        014C (i386)
  TimeDateStamp:  49080BDD -> Wed Oct 29 09:08:13 2008
  Size of Data:   00000025
  Type:           0000 (code symbol)
  Name type:      0000 (ordinal)
  Ordinal:        31

Archive Member Header (00001BAA):
  Name:     ACTIVEDS.dll/   
  Date:     1225264093   Wed Oct 29 09:08:13 2008
  UserID:         
  GroupID:        
  Mode:     0       
  Size:     47        
IMPORT HEADER:
  Symbol:         _FreeADsMem@4 (_FreeADsMem@4)
  Version:        00000000
  Machine:        014C (i386)
  TimeDateStamp:  49080BDD -> Wed Oct 29 09:08:13 2008
  Size of Data:   0000001B
  Type:           0000 (code symbol)
  Name type:      0000 (ordinal)
  Ordinal:        15

Archive Member Header (00001C16):
  Name:     ACTIVEDS.dll/   
  Date:     1225264093   Wed Oct 29 09:08:13 2008
  UserID:         
  GroupID:        
  Mode:     0       
  Size:     47        
IMPORT HEADER:
  Symbol:         _FreeADsStr@4 (_FreeADsStr@4)
  Version:        00000000
  Machine:        014C (i386)
  TimeDateStamp:  49080BDD -> Wed Oct 29 09:08:13 2008
  Size of Data:   0000001B
  Type:           0000 (code symbol)
  Name type:      0000 (ordinal)
  Ordinal:        18

Archive Member Header (00001C82):
  Name:     ACTIVEDS.dll/   
  Date:     1225264093   Wed Oct 29 09:08:13 2008
  UserID:         
  GroupID:        
  Mode:     0       
  Size:     59        
IMPORT HEADER:
  Symbol:         _PropVariantToAdsType2@32 (_PropVariantToAdsType2@32)
  Version:        00000000
  Machine:        014C (i386)
  TimeDateStamp:  49080BDD -> Wed Oct 29 09:08:13 2008
  Size of Data:   00000027
  Type:           0000 (code symbol)
  Name type:      0000 (ordinal)
  Ordinal:        26

Archive Member Header (00001CFA):
  Name:     ACTIVEDS.dll/   
  Date:     1225264093   Wed Oct 29 09:08:13 2008
  UserID:         
  GroupID:        
  Mode:     0       
  Size:     58        
IMPORT HEADER:
  Symbol:         _PropVariantToAdsType@16 (_PropVariantToAdsType@16)
  Version:        00000000
  Machine:        014C (i386)
  TimeDateStamp:  49080BDD -> Wed Oct 29 09:08:13 2008
  Size of Data:   00000026
  Type:           0000 (code symbol)
  Name type:      0000 (ordinal)
  Ordinal:        21

Archive Member Header (00001D70):
  Name:     ACTIVEDS.dll/   
  Date:     1225264093   Wed Oct 29 09:08:13 2008
  UserID:         
  GroupID:        
  Mode:     0       
  Size:     51        
IMPORT HEADER:
  Symbol:         _ReallocADsMem@12 (_ReallocADsMem@12)
  Version:        00000000
  Machine:        014C (i386)
  TimeDateStamp:  49080BDD -> Wed Oct 29 09:08:13 2008
  Size of Data:   0000001F
  Type:           0000 (code symbol)
  Name type:      0000 (ordinal)
  Ordinal:        16

Archive Member Header (00001DE0):
  Name:     ACTIVEDS.dll/   
  Date:     1225264093   Wed Oct 29 09:08:13 2008
  UserID:         
  GroupID:        
  Mode:     0       
  Size:     50        
IMPORT HEADER:
  Symbol:         _ReallocADsStr@8 (_ReallocADsStr@8)
  Version:        00000000
  Machine:        014C (i386)
  TimeDateStamp:  49080BDD -> Wed Oct 29 09:08:13 2008
  Size of Data:   0000001E
  Type:           0000 (code symbol)
  Name type:      0000 (ordinal)
  Ordinal:        19

Archive Member Header (00001E4E):
  Name:     ACTIVEDS.dll/   
  Date:     1225264093   Wed Oct 29 09:08:13 2008
  UserID:         
  GroupID:        
  Mode:     0       
  Size:     66        
IMPORT HEADER:
  Symbol:         _SecurityDescriptorToBinarySD@40 (_SecurityDescriptorToBinarySD@40)
  Version:        00000000
  Machine:        014C (i386)
  TimeDateStamp:  49080BDD -> Wed Oct 29 09:08:13 2008
  Size of Data:   0000002E
  Type:           0000 (code symbol)
  Name type:      0000 (ordinal)
  Ordinal:        30

