Archive Member Header (000002E6):
  Name:     ACLUI.dll/      
  Date:     1225261100   Wed Oct 29 08:18:20 2008
  UserID:         
  GroupID:        
  Mode:     0       
  Size:     485       
++++ Created 0 Modules.

File Header
  Machine:                      8664 (amd64)
  Number of Sections:           0003
  TimeDateStamp:                4908002C -> Wed Oct 29 08:18:20 2008
  PointerToSymbolTable:         00000107
  NumberOfSymbols:              00000008
  SizeOfOptionalHeader:         0000
  Characteristics:              0000

Section Table
  01 .debug$S
    PhysAddr: 00000000  VirtAddr:  00000000
    raw data offs:   0000008C  raw data size: 0000003F
    relocation offs: 00000000  relocations:   00000000
    line # offs:     00000000  line #'s:      00000000
    characteristics: 42100040
      INITIALIZED_DATA  DISCARDABLE  READ  ALIGN_1BYTES

  02 .idata$2
    PhysAddr: 00000000  VirtAddr:  00000000
    raw data offs:   000000CB  raw data size: 00000014
    relocation offs: 000000DF  relocations:   00000003
    line # offs:     00000000  line #'s:      00000000
    characteristics: C0300040
      INITIALIZED_DATA  READ  WRITE  ALIGN_4BYTES

  03 .idata$6
    PhysAddr: 00000000  VirtAddr:  00000000
    raw data offs:   000000FD  raw data size: 0000000A
    relocation offs: 000000DF  relocations:   00000000
    line # offs:     00000000  line #'s:      00000000
    characteristics: C0200040
      INITIALIZED_DATA  READ  WRITE  ALIGN_2BYTES


Symbol Table - 8 entries  (* = auxillary symbol)

Indx Sectn Value    Type  Storage  Name
---- ----- -------- ----- -------  --------
0000   ABS 00937809  0000 STATIC   @comp.id
0001     2 00000000  0000 EXTERNAL __IMPORT_DESCRIPTOR_ACLUI
0002     2 C0000040  0000 SECTION  .idata$2
0003     3 00000000  0000 STATIC   .idata$6
0004 UNDEF C0000040  0000 SECTION  .idata$4
0005 UNDEF C0000040  0000 SECTION  .idata$5
0006 UNDEF 00000000  0000 EXTERNAL __NULL_IMPORT_DESCRIPTOR
0007 UNDEF 00000000  0000 EXTERNAL ACLUI_NULL_THUNK_DATA

Section Hex Dumps
section 01 (.debug$S)  size: 0000003F  file offs: 0000008C
00000000:  02 00 00 00 10 00 09 00  00 00 00 00 09 41 43 4c .............ACL
00000010:  55 49 2e 64 6c 6c 27 00  13 10 07 00 00 00 d0 00 UI.dll'.........
00000020:  00 00 00 00 00 00 09 00  00 00 09 78 12 4d 69 63 ...........x.Mic
00000030:  72 6f 73 6f 66 74 20 28  52 29 20 4c 49 4e 4b    rosoft (R) LINK

section 02 (.idata$2)  size: 00000014  file offs: 000000CB
00000000:  00 00 00 00 00 00 00 00  00 00 00 00 00 00 00 00 ................
00000010:  00 00 00 00                                      ....

section 03 (.idata$6)  size: 0000000A  file offs: 000000FD
00000000:  41 43 4c 55 49 2e 64 6c  6c 00                   ACLUI.dll.

Archive Member Header (00000508):
  Name:     ACLUI.dll/      
  Date:     1225261100   Wed Oct 29 08:18:20 2008
  UserID:         
  GroupID:        
  Mode:     0       
  Size:     248       
++++ Created 0 Modules.

File Header
  Machine:                      8664 (amd64)
  Number of Sections:           0002
  TimeDateStamp:                4908002C -> Wed Oct 29 08:18:20 2008
  PointerToSymbolTable:         000000B7
  NumberOfSymbols:              00000002
  SizeOfOptionalHeader:         0000
  Characteristics:              0000

Section Table
  01 .debug$S
    PhysAddr: 00000000  VirtAddr:  00000000
    raw data offs:   00000064  raw data size: 0000003F
    relocation offs: 00000000  relocations:   00000000
    line # offs:     00000000  line #'s:      00000000
    characteristics: 42100040
      INITIALIZED_DATA  DISCARDABLE  READ  ALIGN_1BYTES

  02 .idata$3
    PhysAddr: 00000000  VirtAddr:  00000000
    raw data offs:   000000A3  raw data size: 00000014
    relocation offs: 00000000  relocations:   00000000
    line # offs:     00000000  line #'s:      00000000
    characteristics: C0300040
      INITIALIZED_DATA  READ  WRITE  ALIGN_4BYTES


Symbol Table - 2 entries  (* = auxillary symbol)

Indx Sectn Value    Type  Storage  Name
---- ----- -------- ----- -------  --------
0000   ABS 00937809  0000 STATIC   @comp.id
0001     2 00000000  0000 EXTERNAL __NULL_IMPORT_DESCRIPTOR

Section Hex Dumps
section 01 (.debug$S)  size: 0000003F  file offs: 00000064
00000000:  02 00 00 00 10 00 09 00  00 00 00 00 09 41 43 4c .............ACL
00000010:  55 49 2e 64 6c 6c 27 00  13 10 07 00 00 00 d0 00 UI.dll'.........
00000020:  00 00 00 00 00 00 09 00  00 00 09 78 12 4d 69 63 ...........x.Mic
00000030:  72 6f 73 6f 66 74 20 28  52 29 20 4c 49 4e 4b    rosoft (R) LINK

section 02 (.idata$3)  size: 00000014  file offs: 000000A3
00000000:  00 00 00 00 00 00 00 00  00 00 00 00 00 00 00 00 ................
00000010:  00 00 00 00                                      ....

Archive Member Header (0000063C):
  Name:     ACLUI.dll/      
  Date:     1225261100   Wed Oct 29 08:18:20 2008
  UserID:         
  GroupID:        
  Mode:     0       
  Size:     282       
++++ Created 0 Modules.

File Header
  Machine:                      8664 (amd64)
  Number of Sections:           0003
  TimeDateStamp:                4908002C -> Wed Oct 29 08:18:20 2008
  PointerToSymbolTable:         000000DB
  NumberOfSymbols:              00000002
  SizeOfOptionalHeader:         0000
  Characteristics:              0000

Section Table
  01 .debug$S
    PhysAddr: 00000000  VirtAddr:  00000000
    raw data offs:   0000008C  raw data size: 0000003F
    relocation offs: 00000000  relocations:   00000000
    line # offs:     00000000  line #'s:      00000000
    characteristics: 42100040
      INITIALIZED_DATA  DISCARDABLE  READ  ALIGN_1BYTES

  02 .idata$5
    PhysAddr: 00000000  VirtAddr:  00000000
    raw data offs:   000000CB  raw data size: 00000008
    relocation offs: 00000000  relocations:   00000000
    line # offs:     00000000  line #'s:      00000000
    characteristics: C0400040
      INITIALIZED_DATA  READ  WRITE  ALIGN_8BYTES

  03 .idata$4
    PhysAddr: 00000000  VirtAddr:  00000000
    raw data offs:   000000D3  raw data size: 00000008
    relocation offs: 00000000  relocations:   00000000
    line # offs:     00000000  line #'s:      00000000
    characteristics: C0400040
      INITIALIZED_DATA  READ  WRITE  ALIGN_8BYTES


Symbol Table - 2 entries  (* = auxillary symbol)

Indx Sectn Value    Type  Storage  Name
---- ----- -------- ----- -------  --------
0000   ABS 00937809  0000 STATIC   @comp.id
0001     2 00000000  0000 EXTERNAL ACLUI_NULL_THUNK_DATA

Section Hex Dumps
section 01 (.debug$S)  size: 0000003F  file offs: 0000008C
00000000:  02 00 00 00 10 00 09 00  00 00 00 00 09 41 43 4c .............ACL
00000010:  55 49 2e 64 6c 6c 27 00  13 10 07 00 00 00 d0 00 UI.dll'.........
00000020:  00 00 00 00 00 00 09 00  00 00 09 78 12 4d 69 63 ...........x.Mic
00000030:  72 6f 73 6f 66 74 20 28  52 29 20 4c 49 4e 4b    rosoft (R) LINK

section 02 (.idata$5)  size: 00000008  file offs: 000000CB
00000000:  00 00 00 00 00 00 00 00                          ........

section 03 (.idata$4)  size: 00000008  file offs: 000000D3
00000000:  00 00 00 00 00 00 00 00                          ........

Archive Member Header (00000792):
  Name:     ACLUI.dll/      
  Date:     1225261100   Wed Oct 29 08:18:20 2008
  UserID:         
  GroupID:        
  Mode:     0       
  Size:     49        
IMPORT HEADER:
  Symbol:         CreateSecurityPage (CreateSecurityPage)
  Version:        00000000
  Machine:        8664 (amd64)
  TimeDateStamp:  4908002C -> Wed Oct 29 08:18:20 2008
  Size of Data:   0000001D
  Type:           0000 (code symbol)
  Name type:      0000 (ordinal)
  Ordinal:        1

Archive Member Header (00000800):
  Name:     ACLUI.dll/      
  Date:     1225261100   Wed Oct 29 08:18:20 2008
  UserID:         
  GroupID:        
  Mode:     0       
  Size:     43        
IMPORT HEADER:
  Symbol:         EditSecurity (EditSecurity)
  Version:        00000000
  Machine:        8664 (amd64)
  TimeDateStamp:  4908002C -> Wed Oct 29 08:18:20 2008
  Size of Data:   00000017
  Type:           0000 (code symbol)
  Name type:      0000 (ordinal)
  Ordinal:        2

Archive Member Header (00000868):
  Name:     ACLUI.dll/      
  Date:     1225261100   Wed Oct 29 08:18:20 2008
  UserID:         
  GroupID:        
  Mode:     0       
  Size:     51        
IMPORT HEADER:
  Symbol:         EditSecurityAdvanced (EditSecurityAdvanced)
  Version:        00000000
  Machine:        8664 (amd64)
  TimeDateStamp:  4908002C -> Wed Oct 29 08:18:20 2008
  Size of Data:   0000001F
  Type:           0000 (code symbol)
  Name type:      0000 (ordinal)
  Ordinal:        3

Archive Member Header (000008D8):
  Name:     ACLUI.dll/      
  Date:     1225261100   Wed Oct 29 08:18:20 2008
  UserID:         
  GroupID:        
  Mode:     0       
  Size:     55        
IMPORT HEADER:
  Symbol:         IID_ISecurityInformation (IID_ISecurityInformation)
  Version:        00000000
  Machine:        8664 (amd64)
  TimeDateStamp:  4908002C -> Wed Oct 29 08:18:20 2008
  Size of Data:   00000023
  Type:           0000 (code symbol)
  Name type:      0000 (ordinal)
  Ordinal:        16

