Archive Member Header (00000C3E):
  Name:     ACTIVEDS.dll/   
  Date:     1225265209   Wed Oct 29 09:26:49 2008
  UserID:         
  GroupID:        
  Mode:     0       
  Size:     498       
++++ Created 0 Modules.

File Header
  Machine:                      8664 (amd64)
  Number of Sections:           0003
  TimeDateStamp:                49081039 -> Wed Oct 29 09:26:49 2008
  PointerToSymbolTable:         0000010E
  NumberOfSymbols:              00000008
  SizeOfOptionalHeader:         0000
  Characteristics:              0000

Section Table
  01 .debug$S
    PhysAddr: 00000000  VirtAddr:  00000000
    raw data offs:   0000008C  raw data size: 00000042
    relocation offs: 00000000  relocations:   00000000
    line # offs:     00000000  line #'s:      00000000
    characteristics: 42100040
      INITIALIZED_DATA  DISCARDABLE  READ  ALIGN_1BYTES

  02 .idata$2
    PhysAddr: 00000000  VirtAddr:  00000000
    raw data offs:   000000CE  raw data size: 00000014
    relocation offs: 000000E2  relocations:   00000003
    line # offs:     00000000  line #'s:      00000000
    characteristics: C0300040
      INITIALIZED_DATA  READ  WRITE  ALIGN_4BYTES

  03 .idata$6
    PhysAddr: 00000000  VirtAddr:  00000000
    raw data offs:   00000100  raw data size: 0000000E
    relocation offs: 000000E2  relocations:   00000000
    line # offs:     00000000  line #'s:      00000000
    characteristics: C0200040
      INITIALIZED_DATA  READ  WRITE  ALIGN_2BYTES


Symbol Table - 8 entries  (* = auxillary symbol)

Indx Sectn Value    Type  Storage  Name
---- ----- -------- ----- -------  --------
0000   ABS 00937809  0000 STATIC   @comp.id
0001     2 00000000  0000 EXTERNAL __IMPORT_DESCRIPTOR_ACTIVEDS
0002     2 C0000040  0000 SECTION  .idata$2
0003     3 00000000  0000 STATIC   .idata$6
0004 UNDEF C0000040  0000 SECTION  .idata$4
0005 UNDEF C0000040  0000 SECTION  .idata$5
0006 UNDEF 00000000  0000 EXTERNAL __NULL_IMPORT_DESCRIPTOR
0007 UNDEF 00000000  0000 EXTERNAL ACTIVEDS_NULL_THUNK_DATA

Section Hex Dumps
section 01 (.debug$S)  size: 00000042  file offs: 0000008C
00000000:  02 00 00 00 13 00 09 00  00 00 00 00 0c 41 43 54 .............ACT
00000010:  49 56 45 44 53 2e 64 6c  6c 27 00 13 10 07 00 00 IVEDS.dll'......
00000020:  00 d0 00 00 00 00 00 00  00 09 00 00 00 09 78 12 ..............x.
00000030:  4d 69 63 72 6f 73 6f 66  74 20 28 52 29 20 4c 49 Microsoft (R) LI
00000040:  4e 4b                                            NK

section 02 (.idata$2)  size: 00000014  file offs: 000000CE
00000000:  00 00 00 00 00 00 00 00  00 00 00 00 00 00 00 00 ................
00000010:  00 00 00 00                                      ....

section 03 (.idata$6)  size: 0000000E  file offs: 00000100
00000000:  41 43 54 49 56 45 44 53  2e 64 6c 6c 00 00       ACTIVEDS.dll..

Archive Member Header (00000E6C):
  Name:     ACTIVEDS.dll/   
  Date:     1225265209   Wed Oct 29 09:26:49 2008
  UserID:         
  GroupID:        
  Mode:     0       
  Size:     251       
++++ Created 0 Modules.

File Header
  Machine:                      8664 (amd64)
  Number of Sections:           0002
  TimeDateStamp:                49081039 -> Wed Oct 29 09:26:49 2008
  PointerToSymbolTable:         000000BA
  NumberOfSymbols:              00000002
  SizeOfOptionalHeader:         0000
  Characteristics:              0000

Section Table
  01 .debug$S
    PhysAddr: 00000000  VirtAddr:  00000000
    raw data offs:   00000064  raw data size: 00000042
    relocation offs: 00000000  relocations:   00000000
    line # offs:     00000000  line #'s:      00000000
    characteristics: 42100040
      INITIALIZED_DATA  DISCARDABLE  READ  ALIGN_1BYTES

  02 .idata$3
    PhysAddr: 00000000  VirtAddr:  00000000
    raw data offs:   000000A6  raw data size: 00000014
    relocation offs: 00000000  relocations:   00000000
    line # offs:     00000000  line #'s:      00000000
    characteristics: C0300040
      INITIALIZED_DATA  READ  WRITE  ALIGN_4BYTES


Symbol Table - 2 entries  (* = auxillary symbol)

Indx Sectn Value    Type  Storage  Name
---- ----- -------- ----- -------  --------
0000   ABS 00937809  0000 STATIC   @comp.id
0001     2 00000000  0000 EXTERNAL __NULL_IMPORT_DESCRIPTOR

Section Hex Dumps
section 01 (.debug$S)  size: 00000042  file offs: 00000064
00000000:  02 00 00 00 13 00 09 00  00 00 00 00 0c 41 43 54 .............ACT
00000010:  49 56 45 44 53 2e 64 6c  6c 27 00 13 10 07 00 00 IVEDS.dll'......
00000020:  00 d0 00 00 00 00 00 00  00 09 00 00 00 09 78 12 ..............x.
00000030:  4d 69 63 72 6f 73 6f 66  74 20 28 52 29 20 4c 49 Microsoft (R) LI
00000040:  4e 4b                                            NK

section 02 (.idata$3)  size: 00000014  file offs: 000000A6
00000000:  00 00 00 00 00 00 00 00  00 00 00 00 00 00 00 00 ................
00000010:  00 00 00 00                                      ....

Archive Member Header (00000FA4):
  Name:     ACTIVEDS.dll/   
  Date:     1225265209   Wed Oct 29 09:26:49 2008
  UserID:         
  GroupID:        
  Mode:     0       
  Size:     288       
++++ Created 0 Modules.

File Header
  Machine:                      8664 (amd64)
  Number of Sections:           0003
  TimeDateStamp:                49081039 -> Wed Oct 29 09:26:49 2008
  PointerToSymbolTable:         000000DE
  NumberOfSymbols:              00000002
  SizeOfOptionalHeader:         0000
  Characteristics:              0000

Section Table
  01 .debug$S
    PhysAddr: 00000000  VirtAddr:  00000000
    raw data offs:   0000008C  raw data size: 00000042
    relocation offs: 00000000  relocations:   00000000
    line # offs:     00000000  line #'s:      00000000
    characteristics: 42100040
      INITIALIZED_DATA  DISCARDABLE  READ  ALIGN_1BYTES

  02 .idata$5
    PhysAddr: 00000000  VirtAddr:  00000000
    raw data offs:   000000CE  raw data size: 00000008
    relocation offs: 00000000  relocations:   00000000
    line # offs:     00000000  line #'s:      00000000
    characteristics: C0400040
      INITIALIZED_DATA  READ  WRITE  ALIGN_8BYTES

  03 .idata$4
    PhysAddr: 00000000  VirtAddr:  00000000
    raw data offs:   000000D6  raw data size: 00000008
    relocation offs: 00000000  relocations:   00000000
    line # offs:     00000000  line #'s:      00000000
    characteristics: C0400040
      INITIALIZED_DATA  READ  WRITE  ALIGN_8BYTES


Symbol Table - 2 entries  (* = auxillary symbol)

Indx Sectn Value    Type  Storage  Name
---- ----- -------- ----- -------  --------
0000   ABS 00937809  0000 STATIC   @comp.id
0001     2 00000000  0000 EXTERNAL ACTIVEDS_NULL_THUNK_DATA

Section Hex Dumps
section 01 (.debug$S)  size: 00000042  file offs: 0000008C
00000000:  02 00 00 00 13 00 09 00  00 00 00 00 0c 41 43 54 .............ACT
00000010:  49 56 45 44 53 2e 64 6c  6c 27 00 13 10 07 00 00 IVEDS.dll'......
00000020:  00 d0 00 00 00 00 00 00  00 09 00 00 00 09 78 12 ..............x.
00000030:  4d 69 63 72 6f 73 6f 66  74 20 28 52 29 20 4c 49 Microsoft (R) LI
00000040:  4e 4b                                            NK

section 02 (.idata$5)  size: 00000008  file offs: 000000CE
00000000:  00 00 00 00 00 00 00 00                          ........

section 03 (.idata$4)  size: 00000008  file offs: 000000D6
00000000:  00 00 00 00 00 00 00 00                          ........

Archive Member Header (00001100):
  Name:     ACTIVEDS.dll/   
  Date:     1225265209   Wed Oct 29 09:26:49 2008
  UserID:         
  GroupID:        
  Mode:     0       
  Size:     52        
IMPORT HEADER:
  Symbol:         ADsBuildEnumerator (ADsBuildEnumerator)
  Version:        00000000
  Machine:        8664 (amd64)
  TimeDateStamp:  49081039 -> Wed Oct 29 09:26:49 2008
  Size of Data:   00000020
  Type:           0000 (code symbol)
  Name type:      0000 (ordinal)
  Ordinal:        4

Archive Member Header (00001170):
  Name:     ACTIVEDS.dll/   
  Date:     1225265209   Wed Oct 29 09:26:49 2008
  UserID:         
  GroupID:        
  Mode:     0       
  Size:     53        
IMPORT HEADER:
  Symbol:         ADsBuildVarArrayInt (ADsBuildVarArrayInt)
  Version:        00000000
  Machine:        8664 (amd64)
  TimeDateStamp:  49081039 -> Wed Oct 29 09:26:49 2008
  Size of Data:   00000021
  Type:           0000 (code symbol)
  Name type:      0000 (ordinal)
  Ordinal:        8

Archive Member Header (000011E2):
  Name:     ACTIVEDS.dll/   
  Date:     1225265209   Wed Oct 29 09:26:49 2008
  UserID:         
  GroupID:        
  Mode:     0       
  Size:     53        
IMPORT HEADER:
  Symbol:         ADsBuildVarArrayStr (ADsBuildVarArrayStr)
  Version:        00000000
  Machine:        8664 (amd64)
  TimeDateStamp:  49081039 -> Wed Oct 29 09:26:49 2008
  Size of Data:   00000021
  Type:           0000 (code symbol)
  Name type:      0000 (ordinal)
  Ordinal:        7

Archive Member Header (00001254):
  Name:     ACTIVEDS.dll/   
  Date:     1225265209   Wed Oct 29 09:26:49 2008
  UserID:         
  GroupID:        
  Mode:     0       
  Size:     53        
IMPORT HEADER:
  Symbol:         ADsDecodeBinaryData (ADsDecodeBinaryData)
  Version:        00000000
  Machine:        8664 (amd64)
  TimeDateStamp:  49081039 -> Wed Oct 29 09:26:49 2008
  Size of Data:   00000021
  Type:           0000 (code symbol)
  Name type:      0000 (ordinal)
  Ordinal:        24

Archive Member Header (000012C6):
  Name:     ACTIVEDS.dll/   
  Date:     1225265209   Wed Oct 29 09:26:49 2008
  UserID:         
  GroupID:        
  Mode:     0       
  Size:     53        
IMPORT HEADER:
  Symbol:         ADsEncodeBinaryData (ADsEncodeBinaryData)
  Version:        00000000
  Machine:        8664 (amd64)
  TimeDateStamp:  49081039 -> Wed Oct 29 09:26:49 2008
  Size of Data:   00000021
  Type:           0000 (code symbol)
  Name type:      0000 (ordinal)
  Ordinal:        20

Archive Member Header (00001338):
  Name:     ACTIVEDS.dll/   
  Date:     1225265209   Wed Oct 29 09:26:49 2008
  UserID:         
  GroupID:        
  Mode:     0       
  Size:     50        
IMPORT HEADER:
  Symbol:         ADsEnumerateNext (ADsEnumerateNext)
  Version:        00000000
  Machine:        8664 (amd64)
  TimeDateStamp:  49081039 -> Wed Oct 29 09:26:49 2008
  Size of Data:   0000001E
  Type:           0000 (code symbol)
  Name type:      0000 (ordinal)
  Ordinal:        6

Archive Member Header (000013A6):
  Name:     ACTIVEDS.dll/   
  Date:     1225265209   Wed Oct 29 09:26:49 2008
  UserID:         
  GroupID:        
  Mode:     0       
  Size:     51        
IMPORT HEADER:
  Symbol:         ADsFreeEnumerator (ADsFreeEnumerator)
  Version:        00000000
  Machine:        8664 (amd64)
  TimeDateStamp:  49081039 -> Wed Oct 29 09:26:49 2008
  Size of Data:   0000001F
  Type:           0000 (code symbol)
  Name type:      0000 (ordinal)
  Ordinal:        5

Archive Member Header (00001416):
  Name:     ACTIVEDS.dll/   
  Date:     1225265209   Wed Oct 29 09:26:49 2008
  UserID:         
  GroupID:        
  Mode:     0       
  Size:     49        
IMPORT HEADER:
  Symbol:         ADsGetLastError (ADsGetLastError)
  Version:        00000000
  Machine:        8664 (amd64)
  TimeDateStamp:  49081039 -> Wed Oct 29 09:26:49 2008
  Size of Data:   0000001D
  Type:           0000 (code symbol)
  Name type:      0000 (ordinal)
  Ordinal:        13

Archive Member Header (00001484):
  Name:     ACTIVEDS.dll/   
  Date:     1225265209   Wed Oct 29 09:26:49 2008
  UserID:         
  GroupID:        
  Mode:     0       
  Size:     46        
IMPORT HEADER:
  Symbol:         ADsGetObject (ADsGetObject)
  Version:        00000000
  Machine:        8664 (amd64)
  TimeDateStamp:  49081039 -> Wed Oct 29 09:26:49 2008
  Size of Data:   0000001A
  Type:           0000 (code symbol)
  Name type:      0000 (ordinal)
  Ordinal:        3

Archive Member Header (000014EE):
  Name:     ACTIVEDS.dll/   
  Date:     1225265209   Wed Oct 29 09:26:49 2008
  UserID:         
  GroupID:        
  Mode:     0       
  Size:     47        
IMPORT HEADER:
  Symbol:         ADsOpenObject (ADsOpenObject)
  Version:        00000000
  Machine:        8664 (amd64)
  TimeDateStamp:  49081039 -> Wed Oct 29 09:26:49 2008
  Size of Data:   0000001B
  Type:           0000 (code symbol)
  Name type:      0000 (ordinal)
  Ordinal:        9

Archive Member Header (0000155A):
  Name:     ACTIVEDS.dll/   
  Date:     1225265209   Wed Oct 29 09:26:49 2008
  UserID:         
  GroupID:        
  Mode:     0       
  Size:     49        
IMPORT HEADER:
  Symbol:         ADsSetLastError (ADsSetLastError)
  Version:        00000000
  Machine:        8664 (amd64)
  TimeDateStamp:  49081039 -> Wed Oct 29 09:26:49 2008
  Size of Data:   0000001D
  Type:           0000 (code symbol)
  Name type:      0000 (ordinal)
  Ordinal:        12

Archive Member Header (000015C8):
  Name:     ACTIVEDS.dll/   
  Date:     1225265209   Wed Oct 29 09:26:49 2008
  UserID:         
  GroupID:        
  Mode:     0       
  Size:     50        
IMPORT HEADER:
  Symbol:         AdsFreeAdsValues (AdsFreeAdsValues)
  Version:        00000000
  Machine:        8664 (amd64)
  TimeDateStamp:  49081039 -> Wed Oct 29 09:26:49 2008
  Size of Data:   0000001E
  Type:           0000 (code symbol)
  Name type:      0000 (ordinal)
  Ordinal:        23

Archive Member Header (00001636):
  Name:     ACTIVEDS.dll/   
  Date:     1225265209   Wed Oct 29 09:26:49 2008
  UserID:         
  GroupID:        
  Mode:     0       
  Size:     54        
IMPORT HEADER:
  Symbol:         AdsTypeToPropVariant (AdsTypeToPropVariant)
  Version:        00000000
  Machine:        8664 (amd64)
  TimeDateStamp:  49081039 -> Wed Oct 29 09:26:49 2008
  Size of Data:   00000022
  Type:           0000 (code symbol)
  Name type:      0000 (ordinal)
  Ordinal:        22

Archive Member Header (000016A8):
  Name:     ACTIVEDS.dll/   
  Date:     1225265209   Wed Oct 29 09:26:49 2008
  UserID:         
  GroupID:        
  Mode:     0       
  Size:     55        
IMPORT HEADER:
  Symbol:         AdsTypeToPropVariant2 (AdsTypeToPropVariant2)
  Version:        00000000
  Machine:        8664 (amd64)
  TimeDateStamp:  49081039 -> Wed Oct 29 09:26:49 2008
  Size of Data:   00000023
  Type:           0000 (code symbol)
  Name type:      0000 (ordinal)
  Ordinal:        25

Archive Member Header (0000171C):
  Name:     ACTIVEDS.dll/   
  Date:     1225265209   Wed Oct 29 09:26:49 2008
  UserID:         
  GroupID:        
  Mode:     0       
  Size:     45        
IMPORT HEADER:
  Symbol:         AllocADsMem (AllocADsMem)
  Version:        00000000
  Machine:        8664 (amd64)
  TimeDateStamp:  49081039 -> Wed Oct 29 09:26:49 2008
  Size of Data:   00000019
  Type:           0000 (code symbol)
  Name type:      0000 (ordinal)
  Ordinal:        14

Archive Member Header (00001786):
  Name:     ACTIVEDS.dll/   
  Date:     1225265209   Wed Oct 29 09:26:49 2008
  UserID:         
  GroupID:        
  Mode:     0       
  Size:     45        
IMPORT HEADER:
  Symbol:         AllocADsStr (AllocADsStr)
  Version:        00000000
  Machine:        8664 (amd64)
  TimeDateStamp:  49081039 -> Wed Oct 29 09:26:49 2008
  Size of Data:   00000019
  Type:           0000 (code symbol)
  Name type:      0000 (ordinal)
  Ordinal:        17

Archive Member Header (000017F0):
  Name:     ACTIVEDS.dll/   
  Date:     1225265209   Wed Oct 29 09:26:49 2008
  UserID:         
  GroupID:        
  Mode:     0       
  Size:     62        
IMPORT HEADER:
  Symbol:         BinarySDToSecurityDescriptor (BinarySDToSecurityDescriptor)
  Version:        00000000
  Machine:        8664 (amd64)
  TimeDateStamp:  49081039 -> Wed Oct 29 09:26:49 2008
  Size of Data:   0000002A
  Type:           0000 (code symbol)
  Name type:      0000 (ordinal)
  Ordinal:        29

Archive Member Header (0000186A):
  Name:     ACTIVEDS.dll/   
  Date:     1225265209   Wed Oct 29 09:26:49 2008
  UserID:         
  GroupID:        
  Mode:     0       
  Size:     63        
IMPORT HEADER:
  Symbol:         ConvertSecDescriptorToVariant (ConvertSecDescriptorToVariant)
  Version:        00000000
  Machine:        8664 (amd64)
  TimeDateStamp:  49081039 -> Wed Oct 29 09:26:49 2008
  Size of Data:   0000002B
  Type:           0000 (code symbol)
  Name type:      0000 (ordinal)
  Ordinal:        27

Archive Member Header (000018E6):
  Name:     ACTIVEDS.dll/   
  Date:     1225265209   Wed Oct 29 09:26:49 2008
  UserID:         
  GroupID:        
  Mode:     0       
  Size:     67        
IMPORT HEADER:
  Symbol:         ConvertSecurityDescriptorToSecDes (ConvertSecurityDescriptorToSecDes)
  Version:        00000000
  Machine:        8664 (amd64)
  TimeDateStamp:  49081039 -> Wed Oct 29 09:26:49 2008
  Size of Data:   0000002F
  Type:           0000 (code symbol)
  Name type:      0000 (ordinal)
  Ordinal:        28

Archive Member Header (00001966):
  Name:     ACTIVEDS.dll/   
  Date:     1225265209   Wed Oct 29 09:26:49 2008
  UserID:         
  GroupID:        
  Mode:     0       
  Size:     53        
IMPORT HEADER:
  Symbol:         ConvertTrusteeToSid (ConvertTrusteeToSid)
  Version:        00000000
  Machine:        8664 (amd64)
  TimeDateStamp:  49081039 -> Wed Oct 29 09:26:49 2008
  Size of Data:   00000021
  Type:           0000 (code symbol)
  Name type:      0000 (ordinal)
  Ordinal:        31

Archive Member Header (000019D8):
  Name:     ACTIVEDS.dll/   
  Date:     1225265209   Wed Oct 29 09:26:49 2008
  UserID:         
  GroupID:        
  Mode:     0       
  Size:     44        
IMPORT HEADER:
  Symbol:         FreeADsMem (FreeADsMem)
  Version:        00000000
  Machine:        8664 (amd64)
  TimeDateStamp:  49081039 -> Wed Oct 29 09:26:49 2008
  Size of Data:   00000018
  Type:           0000 (code symbol)
  Name type:      0000 (ordinal)
  Ordinal:        15

Archive Member Header (00001A40):
  Name:     ACTIVEDS.dll/   
  Date:     1225265209   Wed Oct 29 09:26:49 2008
  UserID:         
  GroupID:        
  Mode:     0       
  Size:     44        
IMPORT HEADER:
  Symbol:         FreeADsStr (FreeADsStr)
  Version:        00000000
  Machine:        8664 (amd64)
  TimeDateStamp:  49081039 -> Wed Oct 29 09:26:49 2008
  Size of Data:   00000018
  Type:           0000 (code symbol)
  Name type:      0000 (ordinal)
  Ordinal:        18

Archive Member Header (00001AA8):
  Name:     ACTIVEDS.dll/   
  Date:     1225265209   Wed Oct 29 09:26:49 2008
  UserID:         
  GroupID:        
  Mode:     0       
  Size:     54        
IMPORT HEADER:
  Symbol:         PropVariantToAdsType (PropVariantToAdsType)
  Version:        00000000
  Machine:        8664 (amd64)
  TimeDateStamp:  49081039 -> Wed Oct 29 09:26:49 2008
  Size of Data:   00000022
  Type:           0000 (code symbol)
  Name type:      0000 (ordinal)
  Ordinal:        21

Archive Member Header (00001B1A):
  Name:     ACTIVEDS.dll/   
  Date:     1225265209   Wed Oct 29 09:26:49 2008
  UserID:         
  GroupID:        
  Mode:     0       
  Size:     55        
IMPORT HEADER:
  Symbol:         PropVariantToAdsType2 (PropVariantToAdsType2)
  Version:        00000000
  Machine:        8664 (amd64)
  TimeDateStamp:  49081039 -> Wed Oct 29 09:26:49 2008
  Size of Data:   00000023
  Type:           0000 (code symbol)
  Name type:      0000 (ordinal)
  Ordinal:        26

Archive Member Header (00001B8E):
  Name:     ACTIVEDS.dll/   
  Date:     1225265209   Wed Oct 29 09:26:49 2008
  UserID:         
  GroupID:        
  Mode:     0       
  Size:     47        
IMPORT HEADER:
  Symbol:         ReallocADsMem (ReallocADsMem)
  Version:        00000000
  Machine:        8664 (amd64)
  TimeDateStamp:  49081039 -> Wed Oct 29 09:26:49 2008
  Size of Data:   0000001B
  Type:           0000 (code symbol)
  Name type:      0000 (ordinal)
  Ordinal:        16

Archive Member Header (00001BFA):
  Name:     ACTIVEDS.dll/   
  Date:     1225265209   Wed Oct 29 09:26:49 2008
  UserID:         
  GroupID:        
  Mode:     0       
  Size:     47        
IMPORT HEADER:
  Symbol:         ReallocADsStr (ReallocADsStr)
  Version:        00000000
  Machine:        8664 (amd64)
  TimeDateStamp:  49081039 -> Wed Oct 29 09:26:49 2008
  Size of Data:   0000001B
  Type:           0000 (code symbol)
  Name type:      0000 (ordinal)
  Ordinal:        19

Archive Member Header (00001C66):
  Name:     ACTIVEDS.dll/   
  Date:     1225265209   Wed Oct 29 09:26:49 2008
  UserID:         
  GroupID:        
  Mode:     0       
  Size:     62        
IMPORT HEADER:
  Symbol:         SecurityDescriptorToBinarySD (SecurityDescriptorToBinarySD)
  Version:        00000000
  Machine:        8664 (amd64)
  TimeDateStamp:  49081039 -> Wed Oct 29 09:26:49 2008
  Size of Data:   0000002A
  Type:           0000 (code symbol)
  Name type:      0000 (ordinal)
  Ordinal:        30

